<?xml version="1.0" encoding="UTF-8"?>
<!-- Generated by org.testng.reporters.JUnitReportReporter -->
<testsuite hostname="DESKTOP-L23UHC3" failures="0" tests="1" name="com.PracticesProject.PracticeProject" time="110.805" errors="0" timestamp="2022-08-30T16:50:09 EDT" skipped="0">
  <testcase classname="com.PracticesProject.PracticeProject" name="Practice" time="110.805"/>
  <system-out/>
</testsuite> <!-- com.PracticesProject.PracticeProject -->
