<?xml version="1.0" encoding="UTF-8"?>
<!-- Generated by org.testng.reporters.JUnitReportReporter -->
<testsuite hostname="DESKTOP-L23UHC3" failures="0" tests="1" name="com.PracticesProject.PracticeProject1" time="33.542" errors="0" timestamp="2022-08-30T16:59:22 EDT" skipped="0">
  <testcase classname="com.PracticesProject.PracticeProject1" name="Practice1fordynamicelement" time="33.542"/>
  <system-out/>
</testsuite> <!-- com.PracticesProject.PracticeProject1 -->
